<?xml version="1.0" encoding="UTF-8"?>
<testng-results ignored="0" total="6" passed="5" failed="1" skipped="0">
  <reporter-output>
  </reporter-output>
  <suite started-at="2021-12-02T22:25:15 IST" name="Suite" finished-at="2021-12-02T22:26:03 IST" duration-ms="48030">
    <groups>
    </groups>
    <test started-at="2021-12-02T22:25:15 IST" name="Test" finished-at="2021-12-02T22:26:03 IST" duration-ms="48030">
      <class name="com.ether.pageTest.RegistrationFormTest">
        <test-method is-config="true" signature="configBeforeClass()[pri:0, instance:com.ether.pageTest.RegistrationFormTest@25084a1e]" started-at="2021-12-02T22:25:15 IST" name="configBeforeClass" finished-at="2021-12-02T22:25:17 IST" duration-ms="2109" status="PASS">
          <reporter-output>
          </reporter-output>
        </test-method> <!-- configBeforeClass -->
        <test-method is-config="true" signature="configBeforeMtd(org.testng.xml.XmlTest)[pri:0, instance:com.ether.pageTest.RegistrationFormTest@25084a1e]" started-at="2021-12-02T22:25:17 IST" name="configBeforeMtd" finished-at="2021-12-02T22:25:18 IST" duration-ms="541" status="PASS">
          <params>
            <param index="0">
              <value>
                <![CDATA[org.testng.xml.XmlTest@6d560ee4]]>
              </value>
            </param>
          </params>
          <reporter-output>
          </reporter-output>
        </test-method> <!-- configBeforeMtd -->
        <test-method signature="validateNavigationToEtherscanPage()[pri:1, instance:com.ether.pageTest.RegistrationFormTest@25084a1e]" started-at="2021-12-02T22:25:18 IST" name="validateNavigationToEtherscanPage" description="1.	Validate that page with url i.e https://etherscan.io/register is up and displaying properly." finished-at="2021-12-02T22:25:19 IST" duration-ms="1356" status="PASS">
          <reporter-output>
          </reporter-output>
        </test-method> <!-- validateNavigationToEtherscanPage -->
        <test-method is-config="true" signature="configBeforeMtd(org.testng.xml.XmlTest)[pri:0, instance:com.ether.pageTest.RegistrationFormTest@25084a1e]" started-at="2021-12-02T22:25:19 IST" name="configBeforeMtd" finished-at="2021-12-02T22:25:19 IST" duration-ms="60" status="PASS">
          <params>
            <param index="0">
              <value>
                <![CDATA[org.testng.xml.XmlTest@6d560ee4]]>
              </value>
            </param>
          </params>
          <reporter-output>
          </reporter-output>
        </test-method> <!-- configBeforeMtd -->
        <test-method signature="ValidateSuccessfulRegistrationOfEtherscanForm()[pri:2, instance:com.ether.pageTest.RegistrationFormTest@25084a1e]" started-at="2021-12-02T22:25:19 IST" name="ValidateSuccessfulRegistrationOfEtherscanForm" description="2.	Validate that when all the fields entered, the registration is getting successful." finished-at="2021-12-02T22:25:51 IST" duration-ms="32034" status="FAIL">
          <exception class="org.openqa.selenium.NoSuchElementException">
            <message>
              <![CDATA[no such element: Unable to locate element: {"method":"xpath","selector":"//div[contains(text(),'Your account registration has been submitted and is pending email verification ')]"}
  (Session info: chrome=96.0.4664.45)
For documentation on this error, please visit: http://seleniumhq.org/exceptions/no_such_element.html
Build info: version: '3.12.0', revision: '7c6e0b3', time: '2018-05-08T14:04:26.12Z'
System info: host: 'DESKTOP-VSV7O8E', ip: '10.22.8.207', os.name: 'Windows 10', os.arch: 'amd64', os.version: '10.0', java.version: '11.0.12'
Driver info: org.openqa.selenium.chrome.ChromeDriver
Capabilities {acceptInsecureCerts: false, browserName: chrome, browserVersion: 96.0.4664.45, chrome: {chromedriverVersion: 96.0.4664.45 (76e4c1bb2ab46..., userDataDir: C:\Users\MEENAK~1\AppData\L...}, goog:chromeOptions: {debuggerAddress: localhost:61629}, javascriptEnabled: true, networkConnectionEnabled: false, pageLoadStrategy: normal, platform: WINDOWS, platformName: WINDOWS, proxy: Proxy(), setWindowRect: true, strictFileInteractability: false, timeouts: {implicit: 0, pageLoad: 300000, script: 30000}, unhandledPromptBehavior: dismiss and notify, webauthn:extension:credBlob: true, webauthn:extension:largeBlob: true, webauthn:virtualAuthenticators: true}
Session ID: b2ad2c0f5bec75e996910d5cfa29b2f1
*** Element info: {Using=xpath, value=//div[contains(text(),'Your account registration has been submitted and is pending email verification ')]}]]>
            </message>
            <full-stacktrace>
              <![CDATA[org.openqa.selenium.NoSuchElementException: no such element: Unable to locate element: {"method":"xpath","selector":"//div[contains(text(),'Your account registration has been submitted and is pending email verification ')]"}
  (Session info: chrome=96.0.4664.45)
For documentation on this error, please visit: http://seleniumhq.org/exceptions/no_such_element.html
Build info: version: '3.12.0', revision: '7c6e0b3', time: '2018-05-08T14:04:26.12Z'
System info: host: 'DESKTOP-VSV7O8E', ip: '10.22.8.207', os.name: 'Windows 10', os.arch: 'amd64', os.version: '10.0', java.version: '11.0.12'
Driver info: org.openqa.selenium.chrome.ChromeDriver
Capabilities {acceptInsecureCerts: false, browserName: chrome, browserVersion: 96.0.4664.45, chrome: {chromedriverVersion: 96.0.4664.45 (76e4c1bb2ab46..., userDataDir: C:\Users\MEENAK~1\AppData\L...}, goog:chromeOptions: {debuggerAddress: localhost:61629}, javascriptEnabled: true, networkConnectionEnabled: false, pageLoadStrategy: normal, platform: WINDOWS, platformName: WINDOWS, proxy: Proxy(), setWindowRect: true, strictFileInteractability: false, timeouts: {implicit: 0, pageLoad: 300000, script: 30000}, unhandledPromptBehavior: dismiss and notify, webauthn:extension:credBlob: true, webauthn:extension:largeBlob: true, webauthn:virtualAuthenticators: true}
Session ID: b2ad2c0f5bec75e996910d5cfa29b2f1
*** Element info: {Using=xpath, value=//div[contains(text(),'Your account registration has been submitted and is pending email verification ')]}
at java.base/jdk.internal.reflect.NativeConstructorAccessorImpl.newInstance0(Native Method)
at java.base/jdk.internal.reflect.NativeConstructorAccessorImpl.newInstance(NativeConstructorAccessorImpl.java:62)
at java.base/jdk.internal.reflect.DelegatingConstructorAccessorImpl.newInstance(DelegatingConstructorAccessorImpl.java:45)
at java.base/java.lang.reflect.Constructor.newInstance(Constructor.java:490)
at org.openqa.selenium.remote.http.W3CHttpResponseCodec.createException(W3CHttpResponseCodec.java:187)
at org.openqa.selenium.remote.http.W3CHttpResponseCodec.decode(W3CHttpResponseCodec.java:122)
at org.openqa.selenium.remote.http.W3CHttpResponseCodec.decode(W3CHttpResponseCodec.java:49)
at org.openqa.selenium.remote.HttpCommandExecutor.execute(HttpCommandExecutor.java:158)
at org.openqa.selenium.remote.service.DriverCommandExecutor.execute(DriverCommandExecutor.java:83)
at org.openqa.selenium.remote.RemoteWebDriver.execute(RemoteWebDriver.java:543)
at org.openqa.selenium.remote.RemoteWebDriver.findElement(RemoteWebDriver.java:317)
at org.openqa.selenium.remote.RemoteWebDriver.findElementByXPath(RemoteWebDriver.java:419)
at org.openqa.selenium.By$ByXPath.findElement(By.java:353)
at org.openqa.selenium.remote.RemoteWebDriver.findElement(RemoteWebDriver.java:309)
at com.ether.genericLibrary.WebDriverBusinessLib.fillRegistrationForm(WebDriverBusinessLib.java:93)
at com.ether.pageTest.RegistrationFormTest.ValidateSuccessfulRegistrationOfEtherscanForm(RegistrationFormTest.java:78)
at java.base/jdk.internal.reflect.NativeMethodAccessorImpl.invoke0(Native Method)
at java.base/jdk.internal.reflect.NativeMethodAccessorImpl.invoke(NativeMethodAccessorImpl.java:62)
at java.base/jdk.internal.reflect.DelegatingMethodAccessorImpl.invoke(DelegatingMethodAccessorImpl.java:43)
at java.base/java.lang.reflect.Method.invoke(Method.java:566)
at org.testng.internal.MethodInvocationHelper.invokeMethod(MethodInvocationHelper.java:133)
at org.testng.internal.TestInvoker.invokeMethod(TestInvoker.java:598)
at org.testng.internal.TestInvoker.invokeTestMethod(TestInvoker.java:173)
at org.testng.internal.MethodRunner.runInSequence(MethodRunner.java:46)
at org.testng.internal.TestInvoker$MethodInvocationAgent.invoke(TestInvoker.java:824)
at org.testng.internal.TestInvoker.invokeTestMethods(TestInvoker.java:146)
at org.testng.internal.TestMethodWorker.invokeTestMethods(TestMethodWorker.java:146)
at org.testng.internal.TestMethodWorker.run(TestMethodWorker.java:128)
at java.base/java.util.ArrayList.forEach(ArrayList.java:1541)
at org.testng.TestRunner.privateRun(TestRunner.java:794)
at org.testng.TestRunner.run(TestRunner.java:596)
at org.testng.SuiteRunner.runTest(SuiteRunner.java:377)
at org.testng.SuiteRunner.runSequentially(SuiteRunner.java:371)
at org.testng.SuiteRunner.privateRun(SuiteRunner.java:332)
at org.testng.SuiteRunner.run(SuiteRunner.java:276)
at org.testng.SuiteRunnerWorker.runSuite(SuiteRunnerWorker.java:53)
at org.testng.SuiteRunnerWorker.run(SuiteRunnerWorker.java:96)
at org.testng.TestNG.runSuitesSequentially(TestNG.java:1212)
at org.testng.TestNG.runSuitesLocally(TestNG.java:1134)
at org.testng.TestNG.runSuites(TestNG.java:1063)
at org.testng.TestNG.run(TestNG.java:1031)
at org.testng.remote.AbstractRemoteTestNG.run(AbstractRemoteTestNG.java:115)
at org.testng.remote.RemoteTestNG.initAndRun(RemoteTestNG.java:251)
at org.testng.remote.RemoteTestNG.main(RemoteTestNG.java:77)
]]>
            </full-stacktrace>
          </exception> <!-- org.openqa.selenium.NoSuchElementException -->
          <reporter-output>
          </reporter-output>
        </test-method> <!-- ValidateSuccessfulRegistrationOfEtherscanForm -->
        <test-method is-config="true" signature="configBeforeMtd(org.testng.xml.XmlTest)[pri:0, instance:com.ether.pageTest.RegistrationFormTest@25084a1e]" started-at="2021-12-02T22:25:51 IST" name="configBeforeMtd" finished-at="2021-12-02T22:25:51 IST" duration-ms="48" status="PASS">
          <params>
            <param index="0">
              <value>
                <![CDATA[org.testng.xml.XmlTest@6d560ee4]]>
              </value>
            </param>
          </params>
          <reporter-output>
          </reporter-output>
        </test-method> <!-- configBeforeMtd -->
        <test-method signature="validateErrorMessageOnRegistrationForm()[pri:3, instance:com.ether.pageTest.RegistrationFormTest@25084a1e]" started-at="2021-12-02T22:25:51 IST" name="validateErrorMessageOnRegistrationForm" description="3.	Validate if all fields are not given (considering all are mandatory) and user clicks on ‘create an account’, the validation message should be shown individually" finished-at="2021-12-02T22:25:53 IST" duration-ms="1583" status="PASS">
          <reporter-output>
          </reporter-output>
        </test-method> <!-- validateErrorMessageOnRegistrationForm -->
        <test-method is-config="true" signature="configBeforeMtd(org.testng.xml.XmlTest)[pri:0, instance:com.ether.pageTest.RegistrationFormTest@25084a1e]" started-at="2021-12-02T22:25:53 IST" name="configBeforeMtd" finished-at="2021-12-02T22:25:53 IST" duration-ms="49" status="PASS">
          <params>
            <param index="0">
              <value>
                <![CDATA[org.testng.xml.XmlTest@6d560ee4]]>
              </value>
            </param>
          </params>
          <reporter-output>
          </reporter-output>
        </test-method> <!-- configBeforeMtd -->
        <test-method signature="validateLinksOnRegistrationForm()[pri:4, instance:com.ether.pageTest.RegistrationFormTest@25084a1e]" started-at="2021-12-02T22:25:53 IST" name="validateLinksOnRegistrationForm" description="4.	Validate the links available on the page i.e ‘Term and Conditions’ and ‘unsubscribe’ are not broken and navigates to the corresponding page on link when clicked." finished-at="2021-12-02T22:25:58 IST" duration-ms="5258" status="PASS">
          <reporter-output>
          </reporter-output>
        </test-method> <!-- validateLinksOnRegistrationForm -->
        <test-method is-config="true" signature="configBeforeMtd(org.testng.xml.XmlTest)[pri:0, instance:com.ether.pageTest.RegistrationFormTest@25084a1e]" started-at="2021-12-02T22:25:58 IST" name="configBeforeMtd" finished-at="2021-12-02T22:25:58 IST" duration-ms="39" status="PASS">
          <params>
            <param index="0">
              <value>
                <![CDATA[org.testng.xml.XmlTest@6d560ee4]]>
              </value>
            </param>
          </params>
          <reporter-output>
          </reporter-output>
        </test-method> <!-- configBeforeMtd -->
        <test-method signature="validateRegistrationFormValidationForIncompleteForm()[pri:5, instance:com.ether.pageTest.RegistrationFormTest@25084a1e]" started-at="2021-12-02T22:25:58 IST" name="validateRegistrationFormValidationForIncompleteForm" description="5.	Validate if incomplete information is given and the user clicks on ‘Create an account’ button, then only the remaining unfilled fields should show the validation message." finished-at="2021-12-02T22:26:00 IST" duration-ms="1668" status="PASS">
          <reporter-output>
          </reporter-output>
        </test-method> <!-- validateRegistrationFormValidationForIncompleteForm -->
        <test-method is-config="true" signature="configBeforeMtd(org.testng.xml.XmlTest)[pri:0, instance:com.ether.pageTest.RegistrationFormTest@25084a1e]" started-at="2021-12-02T22:26:00 IST" name="configBeforeMtd" finished-at="2021-12-02T22:26:00 IST" duration-ms="39" status="PASS">
          <params>
            <param index="0">
              <value>
                <![CDATA[org.testng.xml.XmlTest@6d560ee4]]>
              </value>
            </param>
          </params>
          <reporter-output>
          </reporter-output>
        </test-method> <!-- configBeforeMtd -->
        <test-method signature="validateRegistrationFormValidationWithoutCaptchaFill()[pri:6, instance:com.ether.pageTest.RegistrationFormTest@25084a1e]" started-at="2021-12-02T22:26:00 IST" name="validateRegistrationFormValidationWithoutCaptchaFill" description="7.	Validate without completing the captcha the user is not able to register to etherscan form registration and the validation message is shown correctly for captcha." finished-at="2021-12-02T22:26:02 IST" duration-ms="2550" status="PASS">
          <reporter-output>
          </reporter-output>
        </test-method> <!-- validateRegistrationFormValidationWithoutCaptchaFill -->
        <test-method is-config="true" signature="quitBrowser()[pri:0, instance:com.ether.pageTest.RegistrationFormTest@25084a1e]" started-at="2021-12-02T22:26:02 IST" name="quitBrowser" finished-at="2021-12-02T22:26:03 IST" duration-ms="658" status="PASS">
          <reporter-output>
          </reporter-output>
        </test-method> <!-- quitBrowser -->
      </class> <!-- com.ether.pageTest.RegistrationFormTest -->
    </test> <!-- Test -->
  </suite> <!-- Suite -->
</testng-results>
